2026-04-04 08:26:12.058424 (15444) main____ INFO    ----------------------------------------
2026-04-04 08:26:12.058597 (15444) main____ INFO    JasperGold version info
2026-04-04 08:26:12.058629 (15444) main____ INFO      tool      : JasperGold 2019.09
2026-04-04 08:26:12.058657 (15444) main____ INFO      version   : 2019.09p002 64 bits
2026-04-04 08:26:12.058684 (15444) main____ INFO      build date: 2019.11.26 18:17:27 PST
2026-04-04 08:26:12.058705 (15444) main____ INFO    ----------------------------------------
2026-04-04 08:26:12.058720 (15444) main____ INFO    Runtime info:
2026-04-04 08:26:12.058741 (15444) main____ INFO      platform  : Linux 2.6.32-754.35.1.el6.x86_64 x86_64
2026-04-04 08:26:12.058774 (15444) main____ INFO      hostname  : edatools-server2.iiitd.edu.in
2026-04-04 08:26:12.058794 (15444) main____ INFO      pid       : 15444
2026-04-04 08:26:12.058815 (15444) main____ INFO      arguments : '-style' 'windows' '-fpv' '-batch' '-tcl' 'counter_jasper.tcl' '-proj' '/home/vaibhav22555/Desktop/SVA4RTL/jgproject_counter_jasper'
2026-04-04 08:26:12.058836 (15444) main____ INFO    ----------------------------------------
2026-04-04 08:26:12.058855 (15444) main____ INFO    System resource limits info:
2026-04-04 08:26:12.058873 (15444) main____ INFO      virtual memory: unlimited
2026-04-04 08:26:12.058891 (15444) main____ INFO      cpu time      : unlimited
2026-04-04 08:26:12.058936 (15444) main____ INFO      stack size    : 10485760 B
2026-04-04 08:26:12.058983 (15444) main____ INFO      core file size: 0 B
2026-04-04 08:26:12.059028 (15444) main____ INFO      open files    : 1024
2026-04-04 08:26:12.059055 (15444) main____ INFO      file size     : unlimited
2026-04-04 08:26:12.059099 (15444) main____ INFO    ----------------------------------------
2026-04-04 08:26:12.059124 (15444) main____ INFO    Memory statistics:
2026-04-04 08:26:12.059141 (15444) main____ INFO      total physical memory  : 528955884 kB
2026-04-04 08:26:12.059156 (15444) main____ INFO      free physical memory   : 25733020 kB
2026-04-04 08:26:12.059171 (15444) main____ INFO      committed address space: 705373760 kB
2026-04-04 08:26:12.059186 (15444) main____ INFO    ----------------------------------------
2026-04-04 08:26:12.059284 (15444) main____ INFO    Important environment variables:
2026-04-04 08:26:12.059332 (15444) main____ INFO      CDS_LIC_FILE   : '5280@14.139.1.126'
2026-04-04 08:26:12.059359 (15444) main____ INFO      DISPLAY        : ':2100.0'
2026-04-04 08:26:12.059387 (15444) main____ INFO      EDITOR         : 'gedit'
2026-04-04 08:26:12.059411 (15444) main____ INFO      LM_LICENSE_FILE: '5280@14.139.1.126'
2026-04-04 08:26:12.059428 (15444) main____ INFO    ----------------------------------------
2026-04-04 08:26:12.060576 (15444) lic_core INFO    Initializing license system ...
2026-04-04 08:26:12.062468 (15444) lic_core INFO    ... license system initialized.
2026-04-04 08:26:12.063581 (15444) lic__man INFO    Claim 'fpv' for <ui>.
2026-04-04 08:26:12.063614 (15444) lic_core INFO    (1) checking out 'jasper_fpv' ...
2026-04-04 08:26:13.072304 (15444) lic_core INFO    ... (1) checkout failed (error: -5) ("FLEXnet ERROR(-5, 0, 0): No such feature exists.")
2026-04-04 08:26:13.072393 (15444) lic_core INFO    (2) checking out 'jasper_fao' ...
2026-04-04 08:26:13.396284 (15444) lic_core INFO    ... (2) checkout succeeded
2026-04-04 08:26:13.417927 (15444) session_ INFO    Starting analysis session with session id 'session_0' (launcher: <local>) ...
2026-04-04 08:26:13.418919 (15444) session_ INFO    Analysis session with session id 'session_0' started (pid: 15467)
2026-04-04 08:26:15.993610 (15444) session_ INFO    Analysis session 'session_0' connected to the console (host: 127.0.0.1:54668)
2026-04-04 08:26:16.513768 (15444) lic__man INFO    Unclaim everything for 'session_0'.
2026-04-04 08:26:16.549604 (15444) lic__man INFO    Claim 'fpv' for 'session_0/prove-0'.
2026-04-04 08:26:16.678624 (15444) lic__man INFO    Unclaim everything for 'session_0/prove-0'.
2026-04-04 08:26:16.689011 (15444) main____ INFO    About to exit: request to exit with status 0 received from analysis session 'session_0'
2026-04-04 08:26:17.108244 (15444) session_ INFO    Analysis session 'session_0' disconnected.
2026-04-04 08:26:17.108544 (15444) lic__man INFO    Unclaim everything for 'session_0'.
2026-04-04 08:26:17.110769 (15444) session_ INFO    Process for analysis session 'session_0' has exited with exit status '0'.
2026-04-04 08:26:18.735145 (15444) main____ INFO    Exiting with status 0.
