2026-03-25 23:03:39.863247 (49159) main____ INFO    ----------------------------------------
2026-03-25 23:03:39.863307 (49159) main____ INFO    JasperGold version info
2026-03-25 23:03:39.863315 (49159) main____ INFO      tool      : JasperGold 2019.09
2026-03-25 23:03:39.863321 (49159) main____ INFO      version   : 2019.09p002 64 bits
2026-03-25 23:03:39.863326 (49159) main____ INFO      build date: 2019.11.26 18:17:27 PST
2026-03-25 23:03:39.863330 (49159) main____ INFO    ----------------------------------------
2026-03-25 23:03:39.863333 (49159) main____ INFO    Runtime info:
2026-03-25 23:03:39.863337 (49159) main____ INFO      platform  : Linux 2.6.32-754.35.1.el6.x86_64 x86_64
2026-03-25 23:03:39.863343 (49159) main____ INFO      hostname  : edatools-server2.iiitd.edu.in
2026-03-25 23:03:39.863347 (49159) main____ INFO      pid       : 49159
2026-03-25 23:03:39.863351 (49159) main____ INFO      arguments : '-style' 'windows' '-fpv' '-batch' '-tcl' '/home/vaibhav22555/Desktop/SVA4RTL/input/run_error_detection_and_reporting_0.tcl' '-proj' '/home/vaibhav22555/Desktop/SVA4RTL/jgproject_run_error_detection_and_reporting_0'
2026-03-25 23:03:39.863355 (49159) main____ INFO    ----------------------------------------
2026-03-25 23:03:39.863358 (49159) main____ INFO    System resource limits info:
2026-03-25 23:03:39.863362 (49159) main____ INFO      virtual memory: unlimited
2026-03-25 23:03:39.863366 (49159) main____ INFO      cpu time      : unlimited
2026-03-25 23:03:39.863377 (49159) main____ INFO      stack size    : 10485760 B
2026-03-25 23:03:39.863383 (49159) main____ INFO      core file size: 0 B
2026-03-25 23:03:39.863391 (49159) main____ INFO      open files    : 1024
2026-03-25 23:03:39.863395 (49159) main____ INFO      file size     : unlimited
2026-03-25 23:03:39.863399 (49159) main____ INFO    ----------------------------------------
2026-03-25 23:03:39.863402 (49159) main____ INFO    Memory statistics:
2026-03-25 23:03:39.863406 (49159) main____ INFO      total physical memory  : 528955884 kB
2026-03-25 23:03:39.863409 (49159) main____ INFO      free physical memory   : 14086628 kB
2026-03-25 23:03:39.863413 (49159) main____ INFO      committed address space: 694620012 kB
2026-03-25 23:03:39.863416 (49159) main____ INFO    ----------------------------------------
2026-03-25 23:03:39.863438 (49159) main____ INFO    Important environment variables:
2026-03-25 23:03:39.863449 (49159) main____ INFO      CDS_LIC_FILE   : '5280@14.139.1.126'
2026-03-25 23:03:39.863454 (49159) main____ INFO      DISPLAY        : ':2100.0'
2026-03-25 23:03:39.863459 (49159) main____ INFO      EDITOR         : 'gedit'
2026-03-25 23:03:39.863464 (49159) main____ INFO      LM_LICENSE_FILE: '5280@14.139.1.126'
2026-03-25 23:03:39.863467 (49159) main____ INFO    ----------------------------------------
2026-03-25 23:03:39.863995 (49159) lic_core INFO    Initializing license system ...
2026-03-25 23:03:39.864437 (49159) lic_core INFO    ... license system initialized.
2026-03-25 23:03:39.865590 (49159) lic__man INFO    Claim 'fpv' for <ui>.
2026-03-25 23:03:39.865627 (49159) lic_core INFO    (1) checking out 'jasper_fpv' ...
2026-03-25 23:03:40.178173 (49159) lic_core INFO    ... (1) checkout failed (error: -5) ("FLEXnet ERROR(-5, 0, 0): No such feature exists.")
2026-03-25 23:03:40.178293 (49159) lic_core INFO    (2) checking out 'jasper_fao' ...
2026-03-25 23:03:40.537432 (49159) lic_core INFO    ... (2) checkout succeeded
2026-03-25 23:03:40.570362 (49159) session_ INFO    Starting analysis session with session id 'session_0' (launcher: <local>) ...
2026-03-25 23:03:40.854480 (49159) session_ INFO    Analysis session with session id 'session_0' started (pid: 49198)
2026-03-25 23:03:54.025474 (49159) session_ INFO    Analysis session 'session_0' connected to the console (host: 127.0.0.1:55470)
2026-03-25 23:03:54.312956 (49159) main____ INFO    About to exit: request to exit with status 1 received from analysis session 'session_0'
2026-03-25 23:03:54.754877 (49159) session_ INFO    Analysis session 'session_0' disconnected.
2026-03-25 23:03:54.755116 (49159) lic__man INFO    Unclaim everything for 'session_0'.
2026-03-25 23:03:54.757944 (49159) session_ INFO    Process for analysis session 'session_0' has exited with exit status '1'.
2026-03-25 23:03:56.368295 (49159) main____ INFO    Exiting with status 1.
