2026-04-04 21:26:09.886527 (58873) main____ INFO    ----------------------------------------
2026-04-04 21:26:09.886577 (58873) main____ INFO    JasperGold version info
2026-04-04 21:26:09.886584 (58873) main____ INFO      tool      : JasperGold 2019.09
2026-04-04 21:26:09.886590 (58873) main____ INFO      version   : 2019.09p002 64 bits
2026-04-04 21:26:09.886595 (58873) main____ INFO      build date: 2019.11.26 18:17:27 PST
2026-04-04 21:26:09.886599 (58873) main____ INFO    ----------------------------------------
2026-04-04 21:26:09.886602 (58873) main____ INFO    Runtime info:
2026-04-04 21:26:09.886607 (58873) main____ INFO      platform  : Linux 2.6.32-754.35.1.el6.x86_64 x86_64
2026-04-04 21:26:09.886612 (58873) main____ INFO      hostname  : edatools-server2.iiitd.edu.in
2026-04-04 21:26:09.886616 (58873) main____ INFO      pid       : 58873
2026-04-04 21:26:09.886620 (58873) main____ INFO      arguments : '-style' 'windows' '-fpv' '-batch' '-tcl' 'run_jasper.tcl' '-proj' '/home/vaibhav22555/Desktop/SVA4RTL/jgproject_run_jasper'
2026-04-04 21:26:09.886623 (58873) main____ INFO    ----------------------------------------
2026-04-04 21:26:09.886627 (58873) main____ INFO    System resource limits info:
2026-04-04 21:26:09.886631 (58873) main____ INFO      virtual memory: unlimited
2026-04-04 21:26:09.886634 (58873) main____ INFO      cpu time      : unlimited
2026-04-04 21:26:09.886644 (58873) main____ INFO      stack size    : 10485760 B
2026-04-04 21:26:09.886650 (58873) main____ INFO      core file size: 0 B
2026-04-04 21:26:09.886657 (58873) main____ INFO      open files    : 1024
2026-04-04 21:26:09.886661 (58873) main____ INFO      file size     : unlimited
2026-04-04 21:26:09.886664 (58873) main____ INFO    ----------------------------------------
2026-04-04 21:26:09.886668 (58873) main____ INFO    Memory statistics:
2026-04-04 21:26:09.886671 (58873) main____ INFO      total physical memory  : 528955884 kB
2026-04-04 21:26:09.886675 (58873) main____ INFO      free physical memory   : 32374452 kB
2026-04-04 21:26:09.886678 (58873) main____ INFO      committed address space: 748291920 kB
2026-04-04 21:26:09.886681 (58873) main____ INFO    ----------------------------------------
2026-04-04 21:26:09.886700 (58873) main____ INFO    Important environment variables:
2026-04-04 21:26:09.886708 (58873) main____ INFO      CDS_LIC_FILE   : '5280@14.139.1.126'
2026-04-04 21:26:09.886713 (58873) main____ INFO      DISPLAY        : ':2100.0'
2026-04-04 21:26:09.886718 (58873) main____ INFO      EDITOR         : 'gedit'
2026-04-04 21:26:09.886723 (58873) main____ INFO      LM_LICENSE_FILE: '5280@14.139.1.126'
2026-04-04 21:26:09.886726 (58873) main____ INFO    ----------------------------------------
2026-04-04 21:26:09.887063 (58873) lic_core INFO    Initializing license system ...
2026-04-04 21:26:09.887726 (58873) lic_core INFO    ... license system initialized.
2026-04-04 21:26:09.892038 (58873) lic__man INFO    Claim 'fpv' for <ui>.
2026-04-04 21:26:09.892078 (58873) lic_core INFO    (1) checking out 'jasper_fpv' ...
2026-04-04 21:26:10.253016 (58873) lic_core INFO    ... (1) checkout failed (error: -5) ("FLEXnet ERROR(-5, 0, 0): No such feature exists.")
2026-04-04 21:26:10.253107 (58873) lic_core INFO    (2) checking out 'jasper_fao' ...
2026-04-04 21:26:10.673720 (58873) lic_core INFO    ... (2) checkout succeeded
2026-04-04 21:26:10.692247 (58873) session_ INFO    Starting analysis session with session id 'session_0' (launcher: <local>) ...
2026-04-04 21:26:10.693141 (58873) session_ INFO    Analysis session with session id 'session_0' started (pid: 58896)
2026-04-04 21:26:13.236556 (58873) session_ INFO    Analysis session 'session_0' connected to the console (host: 127.0.0.1:46932)
2026-04-04 21:26:13.685133 (58873) lic__man INFO    Unclaim everything for 'session_0'.
2026-04-04 21:26:13.690393 (58873) main____ INFO    About to exit: request to exit with status 1 received from analysis session 'session_0'
2026-04-04 21:26:14.113873 (58873) session_ INFO    Process for analysis session 'session_0' has exited with exit status '1'.
2026-04-04 21:26:14.114278 (58873) session_ INFO    Analysis session 'session_0' disconnected.
2026-04-04 21:26:14.114480 (58873) lic__man INFO    Unclaim everything for 'session_0'.
2026-04-04 21:26:15.750142 (58873) main____ INFO    Exiting with status 1.
