2026-03-25 23:08:51.697337 (72202) main____ INFO    ----------------------------------------
2026-03-25 23:08:51.697387 (72202) main____ INFO    JasperGold version info
2026-03-25 23:08:51.697395 (72202) main____ INFO      tool      : JasperGold 2019.09
2026-03-25 23:08:51.697401 (72202) main____ INFO      version   : 2019.09p002 64 bits
2026-03-25 23:08:51.697406 (72202) main____ INFO      build date: 2019.11.26 18:17:27 PST
2026-03-25 23:08:51.697410 (72202) main____ INFO    ----------------------------------------
2026-03-25 23:08:51.697413 (72202) main____ INFO    Runtime info:
2026-03-25 23:08:51.697417 (72202) main____ INFO      platform  : Linux 2.6.32-754.35.1.el6.x86_64 x86_64
2026-03-25 23:08:51.697423 (72202) main____ INFO      hostname  : edatools-server2.iiitd.edu.in
2026-03-25 23:08:51.697427 (72202) main____ INFO      pid       : 72202
2026-03-25 23:08:51.697431 (72202) main____ INFO      arguments : '-style' 'windows' '-fpv' '-batch' '-tcl' 'run_error_detection_and_reporting_1.tcl' '-proj' '/home/vaibhav22555/Desktop/SVA4RTL/jgproject_run_error_detection_and_reporting_1'
2026-03-25 23:08:51.697435 (72202) main____ INFO    ----------------------------------------
2026-03-25 23:08:51.697438 (72202) main____ INFO    System resource limits info:
2026-03-25 23:08:51.697442 (72202) main____ INFO      virtual memory: unlimited
2026-03-25 23:08:51.697446 (72202) main____ INFO      cpu time      : unlimited
2026-03-25 23:08:51.697455 (72202) main____ INFO      stack size    : 10485760 B
2026-03-25 23:08:51.697465 (72202) main____ INFO      core file size: 0 B
2026-03-25 23:08:51.697471 (72202) main____ INFO      open files    : 1024
2026-03-25 23:08:51.697475 (72202) main____ INFO      file size     : unlimited
2026-03-25 23:08:51.697479 (72202) main____ INFO    ----------------------------------------
2026-03-25 23:08:51.697482 (72202) main____ INFO    Memory statistics:
2026-03-25 23:08:51.697486 (72202) main____ INFO      total physical memory  : 528955884 kB
2026-03-25 23:08:51.697489 (72202) main____ INFO      free physical memory   : 14545960 kB
2026-03-25 23:08:51.697493 (72202) main____ INFO      committed address space: 693992412 kB
2026-03-25 23:08:51.697496 (72202) main____ INFO    ----------------------------------------
2026-03-25 23:08:51.697516 (72202) main____ INFO    Important environment variables:
2026-03-25 23:08:51.697523 (72202) main____ INFO      CDS_LIC_FILE   : '5280@14.139.1.126'
2026-03-25 23:08:51.697529 (72202) main____ INFO      DISPLAY        : ':2100.0'
2026-03-25 23:08:51.697533 (72202) main____ INFO      EDITOR         : 'gedit'
2026-03-25 23:08:51.697538 (72202) main____ INFO      LM_LICENSE_FILE: '5280@14.139.1.126'
2026-03-25 23:08:51.697542 (72202) main____ INFO    ----------------------------------------
2026-03-25 23:08:51.697889 (72202) lic_core INFO    Initializing license system ...
2026-03-25 23:08:51.698281 (72202) lic_core INFO    ... license system initialized.
2026-03-25 23:08:51.699287 (72202) lic__man INFO    Claim 'fpv' for <ui>.
2026-03-25 23:08:51.699317 (72202) lic_core INFO    (1) checking out 'jasper_fpv' ...
2026-03-25 23:08:52.014390 (72202) lic_core INFO    ... (1) checkout failed (error: -5) ("FLEXnet ERROR(-5, 0, 0): No such feature exists.")
2026-03-25 23:08:52.014486 (72202) lic_core INFO    (2) checking out 'jasper_fao' ...
2026-03-25 23:08:52.386074 (72202) lic_core INFO    ... (2) checkout succeeded
2026-03-25 23:08:52.405626 (72202) session_ INFO    Starting analysis session with session id 'session_0' (launcher: <local>) ...
2026-03-25 23:08:52.406687 (72202) session_ INFO    Analysis session with session id 'session_0' started (pid: 72218)
2026-03-25 23:09:05.652522 (72202) session_ INFO    Analysis session 'session_0' connected to the console (host: 127.0.0.1:60928)
2026-03-25 23:09:06.054394 (72202) main____ INFO    About to exit: request to exit with status 1 received from analysis session 'session_0'
2026-03-25 23:09:06.486729 (72202) session_ INFO    Analysis session 'session_0' disconnected.
2026-03-25 23:09:06.487020 (72202) lic__man INFO    Unclaim everything for 'session_0'.
2026-03-25 23:09:06.491205 (72202) session_ INFO    Process for analysis session 'session_0' has exited with exit status '1'.
2026-03-25 23:09:08.104467 (72202) main____ INFO    Exiting with status 1.
