2026-04-01 11:59:32.544960 (56242) main____ INFO    ----------------------------------------
2026-04-01 11:59:32.545142 (56242) main____ INFO    JasperGold version info
2026-04-01 11:59:32.545176 (56242) main____ INFO      tool      : JasperGold 2019.09
2026-04-01 11:59:32.545229 (56242) main____ INFO      version   : 2019.09p002 64 bits
2026-04-01 11:59:32.545251 (56242) main____ INFO      build date: 2019.11.26 18:17:27 PST
2026-04-01 11:59:32.545270 (56242) main____ INFO    ----------------------------------------
2026-04-01 11:59:32.545285 (56242) main____ INFO    Runtime info:
2026-04-01 11:59:32.545306 (56242) main____ INFO      platform  : Linux 2.6.32-754.35.1.el6.x86_64 x86_64
2026-04-01 11:59:32.545330 (56242) main____ INFO      hostname  : edatools-server2.iiitd.edu.in
2026-04-01 11:59:32.545347 (56242) main____ INFO      pid       : 56242
2026-04-01 11:59:32.545367 (56242) main____ INFO      arguments : '-style' 'windows' '-fpv' '-batch' '-tcl' 'run_reset_behavior_1.tcl' '-proj' '/home/vaibhav22555/Desktop/SVA4RTL/jgproject_run_reset_behavior_1'
2026-04-01 11:59:32.545385 (56242) main____ INFO    ----------------------------------------
2026-04-01 11:59:32.545399 (56242) main____ INFO    System resource limits info:
2026-04-01 11:59:32.545416 (56242) main____ INFO      virtual memory: unlimited
2026-04-01 11:59:32.545434 (56242) main____ INFO      cpu time      : unlimited
2026-04-01 11:59:32.545475 (56242) main____ INFO      stack size    : 10485760 B
2026-04-01 11:59:32.545507 (56242) main____ INFO      core file size: 0 B
2026-04-01 11:59:32.545539 (56242) main____ INFO      open files    : 1024
2026-04-01 11:59:32.545557 (56242) main____ INFO      file size     : unlimited
2026-04-01 11:59:32.545572 (56242) main____ INFO    ----------------------------------------
2026-04-01 11:59:32.545587 (56242) main____ INFO    Memory statistics:
2026-04-01 11:59:32.545604 (56242) main____ INFO      total physical memory  : 528955884 kB
2026-04-01 11:59:32.545622 (56242) main____ INFO      free physical memory   : 18450908 kB
2026-04-01 11:59:32.545638 (56242) main____ INFO      committed address space: 758593260 kB
2026-04-01 11:59:32.545653 (56242) main____ INFO    ----------------------------------------
2026-04-01 11:59:32.545756 (56242) main____ INFO    Important environment variables:
2026-04-01 11:59:32.545790 (56242) main____ INFO      CDS_LIC_FILE   : '5280@14.139.1.126'
2026-04-01 11:59:32.545813 (56242) main____ INFO      DISPLAY        : ':2100.0'
2026-04-01 11:59:32.545834 (56242) main____ INFO      EDITOR         : 'gedit'
2026-04-01 11:59:32.545856 (56242) main____ INFO      LM_LICENSE_FILE: '5280@14.139.1.126'
2026-04-01 11:59:32.545871 (56242) main____ INFO    ----------------------------------------
2026-04-01 11:59:32.546853 (56242) lic_core INFO    Initializing license system ...
2026-04-01 11:59:32.548250 (56242) lic_core INFO    ... license system initialized.
2026-04-01 11:59:32.551814 (56242) lic__man INFO    Claim 'fpv' for <ui>.
2026-04-01 11:59:32.551847 (56242) lic_core INFO    (1) checking out 'jasper_fpv' ...
2026-04-01 11:59:33.823740 (56242) lic_core INFO    ... (1) checkout failed (error: -5) ("FLEXnet ERROR(-5, 0, 0): No such feature exists.")
2026-04-01 11:59:33.823838 (56242) lic_core INFO    (2) checking out 'jasper_fao' ...
2026-04-01 11:59:34.154156 (56242) lic_core INFO    ... (2) checkout succeeded
2026-04-01 11:59:34.172940 (56242) session_ INFO    Starting analysis session with session id 'session_0' (launcher: <local>) ...
2026-04-01 11:59:34.173870 (56242) session_ INFO    Analysis session with session id 'session_0' started (pid: 56306)
2026-04-01 11:59:36.812781 (56242) session_ INFO    Analysis session 'session_0' connected to the console (host: 127.0.0.1:40438)
2026-04-01 11:59:37.583029 (56242) lic__man INFO    Unclaim everything for 'session_0'.
2026-04-01 11:59:37.634025 (56242) lic__man INFO    Claim 'fpv' for 'session_0/prove-0'.
2026-04-01 11:59:37.785281 (56242) lic__man INFO    Unclaim everything for 'session_0/prove-0'.
2026-04-01 11:59:37.787610 (56242) main____ INFO    About to exit: request to exit with status 0 received from analysis session 'session_0'
2026-04-01 11:59:38.549070 (56242) session_ INFO    Analysis session 'session_0' disconnected.
2026-04-01 11:59:38.549347 (56242) lic__man INFO    Unclaim everything for 'session_0'.
2026-04-01 11:59:38.551241 (56242) session_ INFO    Process for analysis session 'session_0' has exited with exit status '0'.
2026-04-01 11:59:40.043296 (56242) main____ INFO    Exiting with status 0.
