#----------------------------------------
# JasperGold Version Info
# tool      : JasperGold 2019.09
# platform  : Linux 2.6.32-754.35.1.el6.x86_64
# version   : 2019.09p002 64 bits
# build date: 2019.11.26 18:17:27 PST
#----------------------------------------
# started Sat Apr 04 20:14:16 IST 2026
# hostname  : edatools-server2.iiitd.edu.in
# pid       : 41510
# arguments : '-label' 'session_0' '-console' '//127.0.0.1:35344' '-nowindow' '-style' 'windows' '-exitonerror' '-data' 'AQAAADx/////AAAAAAAAA3oBAAAAEABMAE0AUgBFAE0ATwBWAEU=' '-proj' '/home/vaibhav22555/Desktop/SVA4RTL/jgproject_counter_jasper/sessionLogs/session_0' '-init' '-hidden' '/home/vaibhav22555/Desktop/SVA4RTL/jgproject_counter_jasper/.tmp/.initCmds.tcl' 'counter_jasper.tcl' '-hidden' '/home/vaibhav22555/Desktop/SVA4RTL/jgproject_counter_jasper/.tmp/.postCmds.tcl'

Any disclosure about the Cadence Design Systems software or its use
model to any third party violates the written Non-Disclosure Agreement
between Cadence Design Systems, Inc. and the customer.

THIS SOFTWARE CONTAINS CONFIDENTIAL INFORMATION AND TRADE SECRETS OF
CADENCE DESIGN SYSTEMS, INC. USE, DISCLOSURE, OR REPRODUCTION IS
PROHIBITED WITHOUT THE PRIOR EXPRESS WRITTEN PERMISSION OF CADENCE
DESIGN SYSTEMS, INC.

Copyright (C) 2000-2019 Cadence Design Systems, Inc. All Rights
Reserved.  Unpublished -- rights reserved under the copyright laws of
the United States.

This product includes software developed by others and redistributed
according to license agreement. See doc/third_party_readme.txt for
further details.

RESTRICTED RIGHTS LEGEND

Use, duplication, or disclosure by the Government is subject to
restrictions as set forth in subparagraph (c) (1) (ii) of the Rights in
Technical Data and Computer Software clause at DFARS 252.227-7013 or
subparagraphs (c) (1) and (2) of Commercial Computer Software -- Restricted
Rights at 48 CFR 52.227-19, as applicable.


                          Cadence Design Systems, Inc. 
                          2655 Seely Avenue
                          San Jose, CA 95134
                          Phone: 408.943.1234

For technical assistance visit http://support.cadence.com.

JasperGold Apps Analysis Session - /home/vaibhav22555/Desktop/SVA4RTL/jgproject_counter_jasper/sessionLogs/session_0

/home/vaibhav22555/Desktop/SVA4RTL/jgproject_counter_jasper/jg.log
INFO: successfully checked out license "jasper_fao".
INFO: reading configuration file "/home/vaibhav22555/.config/jasper/jaspergold.conf".
% # JasperGold FPV run script for counter.sv
% # Usage: jg -fpv -batch -tcl counter_jasper.tcl
% 
% #  1. Analyze & elaborate 
% analyze -sv counter.sv
[-- (VERI-1482)] Analyzing Verilog file '/cadence/JASPER1909/lib/verilog/packages/std/std.sv' into library 'std'
[-- (VERI-1482)] Analyzing Verilog file 'counter.sv'
% elaborate -top counter
INFO (ISW003): Top module name is "counter".
[INFO (HIER-8002)] counter.sv(55): Disabling old hierarchical reference handler
[INFO (VERI-1018)] counter.sv(2): compiling module 'counter'
counter
[<embedded>] % 
[<embedded>] % #  2. Clock & reset 
[<embedded>] % clock clk
[<embedded>] % reset -expression {!rst_n}
INFO (IPM031): Clearing proof results of all properties.
INFO (IRS006): Current reset condition is "rst_n".
[<embedded>] % 
[<embedded>] % #  3. Prove all assertions, check all covers 
[<embedded>] % prove -all
Hpcustom1: Custom engine code is hT3NZbhPPfqY2AbBQnsjfOxn6c+6e6yL+/e8fYueaMCoQAEA
INFO (IPF036): Starting proof on task: "<embedded>", 7 properties to prove with 0 already proven/unreachable
INFO (IRS029): Starting reset analysis: phase 1 of 4.
INFO (IRS030): Running reset analysis: phase 2 of 4.
INFO (IRS031): Running reset analysis: phase 3 of 4.
INFO (IRS020): Starting the reset analysis simulation with a limit of 100 iterations (phase 4 of 4).
INFO (IRS024): Reset iterations 0 to 4 analyzed.
INFO (IRS018): Reset analysis simulation executed for 3 iterations. Assigned values for 4 of 4 design flops, 0 of 0 design latches, 25 of 25 internal elements.
INFO (IRS039): Reset analysis complete.
INFO (IPF031): Settings used for proof thread 0:
    orchestration                 = on (auto)
    time_limit                    = 86400s
    per_property_time_limit       = 1s * 10 ^ scan
    engine_mode                   = auto
    proofgrid_per_engine_max_jobs = 1
    max engine jobs               = auto
    proofgrid_mode                = local
    proofgrid_restarts            = 10
AMcustom2: Custom engine code is hT3N/LhP/2Dz3DrVSe2lNjiSpGmyu5Klv2ELvwL2WCQ+iY7rtAZ05ZC7TYTjerFjm57AUr54KxI2LGPAdQPc+eiMri1dI47yA50CRDdixbORmxz6cC+fZzChw2WXiQWUpM8rQS1DvRGCnsdRtkwXwn5/wC8U1oGSk2zvtl/p5mB+RV+nlTid0KCMqOgMR7nmW6XEAQA
Ncustom3: Custom engine code is hT3NR7hPByLp3DrFSTPhwoIgCxPsqvZp21H/ym7EyTra3ms6eTBVZwJJnDhKmpN3woHootcWDlvmP07qcJRE1mUlIYMcSXUf1ExUD+hh5xN33vG9+qWOknUTM64CUjZpIk7qvPS+5IOws79QOzn5IqFPWD8RgByBUKPsu4ZUa9AO97P6cus4/HdmN+iijpsbAG5PrODXEeit9bdDREds7k7Rd2Vug5lgs78jIAEA
0.0.PRE: A proof was found: No trace exists. [0.00 s]
Ncustom4: Custom engine code is hT3NR7hPByFp3TrFSTLhUmMH4KWtJglTyV/c51BHEeZWamnJv767nE6PCak26bd3gf3XGN3rIRheufhDieCJQVISo+gNYUKhiUedBKGtsP/a18svAnlMJZudHxDFwK5ufsyoxsIyiAeSY2oi3tEuoDHr5gw42DFKAG3PqO3CEsl8Azzdt3pl5nGA1Ifv2H02eYsFzWb/nfp8PMb3F0krE/EgBcm8TD9Div8BAA
INFO (IPF051): 0.0.PRE: The cover property "counter.RST_CLEARS:precondition1" was proven unreachable in 0.00 s.
Tricustom5: Custom engine code is hT3Nu7hP3fiYQADBZnYcglNHp9bfd7EOeniIqP/ji8sGLQu8yhsFO+wxJ+O+R0bU8g/IewXFomyos+viQnWc2xYNYmMqpo3i40O7DaZR7qfp4YqNx26KRvQ/qx0BAA
0: Found proofs for 1 properties in preprocessing
0: Using multistage preprocessing
0: Starting reduce
0: Finished reduce in 0s
0.0.PRE: A proof was found: No trace exists. [0.00 s]
INFO (IPF057): 0.0.PRE: The property "counter.RST_CLEARS" was proven in 0.00 s.
0: Found proofs for 1 properties in preprocessing
0.0.PRE: Performing Proof Simplification...
0.0.N: clocks: 1, declared: 1, disabling: 0, posedge: 1, negedge: 0, noedge: 0, bothedge: 0
0.0.N: Proof Simplification Iteration 1	[0.00 s]
0.0.N: Proof Simplification Iteration 2	[0.00 s]
0.0.N: Proof Simplification Iteration 3	[0.00 s]
0.0.PRE: A proof was found: No trace exists. [0.00 s]
INFO (IPF057): 0.0.PRE: The property ":noDeadEnd" was proven in 0.00 s.
use check_assumptions -show -dead_end to show this property in the property table
0.0.PRE: A proof was found: No trace exists. [0.00 s]
INFO (IPF057): 0.0.PRE: The property ":noConflict" was proven in 0.00 s.
use check_assumptions -show to show this property in the property table
INFO (IPF047): 0.0.PRE: The cover property ":live" was covered in 1 cycles in 0.00 s.
use check_assumptions -show -live to show this property in the property table
0.0.PRE: Proof Simplification completed in 0.00 s
0: About to start ProofGrid in its own thread with a limit of 10000 pending notifications and a limit of 10 traces.
0: =============================== ProofGrid start ===============================
0: ProofGrid usable level: 5
0: ProofGrid is starting event handling
0.0.Hp: Proofgrid shell started at 41907@edatools-server2.iiitd.edu.in(local) jg_41510_edatools-server2.iiitd.edu.in_1
0.0.Hp: clocks: 1, declared: 1, disabling: 0, posedge: 1, negedge: 0, noedge: 0, bothedge: 0
0.0.Hp: Trace Attempt  1	[0.00 s]
0.0.Hp: A trace with 1 cycles was found. [0.00 s]
INFO (IPF047): 0.0.Hp: The cover property "counter.HOLD_STABLE:precondition1" was covered in 1 cycles in 0.02 s.
0.0.Hp: A trace with 1 cycles was found. [0.00 s]
INFO (IPF047): 0.0.Hp: The cover property "counter.COUNT_INCR:precondition1" was covered in 1 cycles in 0.02 s.
0.0.Hp: A proof was found: No trace exists. [0.00 s]
INFO (IPF057): 0.0.Hp: The property "counter.HOLD_STABLE" was proven in 0.02 s.
0.0.Hp: A proof was found: No trace exists. [0.00 s]
INFO (IPF057): 0.0.Hp: The property "counter.COUNT_INCR" was proven in 0.02 s.
0.0.Hp: Trace Attempt  2	[0.00 s]
0.0.Hp: Trace Attempt  3	[0.00 s]
0.0.Hp: Trace Attempt  4	[0.00 s]
0.0.Hp: Trace Attempt  5	[0.00 s]
0.0.N: Proofgrid shell started at 41905@edatools-server2.iiitd.edu.in(local) jg_41510_edatools-server2.iiitd.edu.in_1
0.0.N: clocks: 1, declared: 1, disabling: 0, posedge: 1, negedge: 0, noedge: 0, bothedge: 0
0.0.N: Last scan. Per property time limit: 0s
0.0.N: Starting proof for property "counter.COV_MAX"	[0.00 s].
0.0.N: Trace Attempt  1	[0.00 s]
0.0.N: A max_length bound was found. The shortest trace is no longer than 1024 cycles. [0.00 s]
INFO (IPF008): 0.0.N: A max_length bound of 1024 was found for the property "counter.COV_MAX" in 0.00 s.
0.0.N: Trace Attempt  2	[0.00 s]
0.0.N: Trace Attempt  3	[0.00 s]
0.0.N: Trace Attempt  3	[0.00 s]
0.0.N: Trace Attempt  4	[0.00 s]
0.0.N: Trace Attempt  5	[0.00 s]
0.0.N: Requesting engine job to stop
0.0.Hp: Requesting engine job to terminate
INFO (IPF144): 0: Initiating shutdown of proof [0.00]
0.0.Hp: Trace Attempt 16	[0.00 s]
0.0.Hp: A trace with 16 cycles was found. [0.00 s]
INFO (IPF047): 0.0.Hp: The cover property "counter.COV_MAX" was covered in 16 cycles in 0.02 s.
0.0.Hp: All properties determined. [0.00 s]
0.0.N: Stopped processing property "counter.COV_MAX"	[0.01 s].
0.0.N: Trace Attempt 13	[0.00 s]
0.0.N: All properties determined. [0.00 s]
0.0.Hp: Exited with Success (@ 0.00 s)
0: ProofGrid usable level: 0
0.0.N: Exited with Success (@ 0.01 s)
0.0.Ht: Proofgrid shell started at 41931@edatools-server2.iiitd.edu.in(local) jg_41510_edatools-server2.iiitd.edu.in_1
0.0.Ht: Requesting engine job to terminate
0.0.Ht: Interrupted. [0.00 s]
0.0.Ht: Exited with Success (@ 0.05 s)
0.0.B: Proofgrid shell started at 41932@edatools-server2.iiitd.edu.in(local) jg_41510_edatools-server2.iiitd.edu.in_1
0.0.B: Requesting engine job to terminate
0.0.B: Interrupted. [0.00 s]
0.0.B: Exited with Success (@ 0.05 s)
0: --------------------------------------------------------------
ProofGrid Summary
--------------------------------------------------------------
     engines started                               :     4
     engine jobs started                           :     4
     times jobs never connected to ProofGrid       :     2
     jobs where 1 minute load exceeded core count  :     2
     jobs where 5 minute load exceeded core count  :     2
     jobs where 15 minute load exceeded core count :     2

    Average time in state (seconds)
    ------------------------------------------------------
    Engine  Pending     Running        Dead    Utilization
    ------------------------------------------------------
      N        0.05        0.00        0.00        3.37 %
     Hp        0.04        0.00        0.00        7.09 %
     Ht        0.05        0.00        0.00        0.00 %
      B        0.05        0.00        0.00        0.00 %
    all        0.05        0.00        0.00        2.51 %

    Data read    : 3.04 kiB
    Data written : 1.53 kiB

0: All pending notifications were processed.
INFO (IPF059): Completed proof on task: "<embedded>" for proof thread 0

==============================================================
SUMMARY
==============================================================
           Properties Considered              : 7
                 assertions                   : 3
                  - proven                    : 3 (100%)
                  - bounded_proven (user)     : 0 (0%)
                  - bounded_proven (auto)     : 0 (0%)
                  - marked_proven             : 0 (0%)
                  - cex                       : 0 (0%)
                  - ar_cex                    : 0 (0%)
                  - undetermined              : 0 (0%)
                  - unknown                   : 0 (0%)
                  - error                     : 0 (0%)
                 covers                       : 4
                  - unreachable               : 1 (25%)
                  - bounded_unreachable (user): 0 (0%)
                  - covered                   : 3 (75%)
                  - ar_covered                : 0 (0%)
                  - undetermined              : 0 (0%)
                  - unknown                   : 0 (0%)
                  - error                     : 0 (0%)
determined
[<embedded>] % 
[<embedded>] % #  4. Report 
[<embedded>] % report -summary

==============================================================
    JasperGold Verification Results
==============================================================
    2019.09p002 64 bits for Linux64 2.6.32-431.11.2.el6.x86_64
    Host Name: localhost
    User Name: vaibhav22555
    Printed on: Saturday, Apr 4, 2026 08:14:19 PM IST
    Working Directory: /home/vaibhav22555/Desktop/SVA4RTL/input


==============================================================
SUMMARY
==============================================================
    Total Tasks           : 1
    Total Properties      : 7
          assumptions     : 0                   
           - approved     : 0                   
           - temporary    : 0                   
          assertions      : 3                   
           - proven       : 3                   ( 100.0% )
           - marked_proven: 0                   ( 0.0% )
           - cex          : 0                   ( 0.0% )
           - ar_cex       : 0                   ( 0.0% )
           - undetermined : 0                   ( 0.0% )
           - unprocessed  : 0                   ( 0.0% )
           - error        : 0                   ( 0.0% )
          covers          : 4                   
           - unreachable  : 1                   ( 25.0% )
           - covered      : 3                   ( 75.0% )
           - ar_covered   : 0                   ( 0.0% )
           - undetermined : 0                   ( 0.0% )
           - unprocessed  : 0                   ( 0.0% )
           - error        : 0                   ( 0.0% )
[<embedded>] % report -results

==============================================================
    JasperGold Verification Results
==============================================================
    2019.09p002 64 bits for Linux64 2.6.32-431.11.2.el6.x86_64
    Host Name: localhost
    User Name: vaibhav22555
    Printed on: Saturday, Apr 4, 2026 08:14:19 PM IST
    Working Directory: /home/vaibhav22555/Desktop/SVA4RTL/input


==============================================================
RESULTS
==============================================================

----------------------------------------------------------------------------------------------
       Name                                  |    Result    |  Engine  |  Bound  |  Time    
----------------------------------------------------------------------------------------------

---[ <embedded> ]-----------------------------------------------------------------------------
[1]   counter.RST_CLEARS                          proven          PRE    Infinite    0.000 s      
[2]   counter.RST_CLEARS:precondition1            unreachable     PRE    Infinite    0.000 s      
[3]   counter.HOLD_STABLE                         proven          Hp     Infinite    0.018 s      
[4]   counter.HOLD_STABLE:precondition1           covered         Hp            1    0.016 s      
[5]   counter.COUNT_INCR                          proven          Hp     Infinite    0.018 s      
[6]   counter.COUNT_INCR:precondition1            covered         Hp            1    0.017 s      
[7]   counter.COV_MAX                             covered         Hp           16    0.021 s      
[<embedded>] % exit -force
INFO (IPL005): Received request to exit from the console.
INFO: Waiting for proof threads to stop...
INFO: Proof threads stopped.
