2026-03-25 23:09:48.979536 (2924) main____ INFO    ----------------------------------------
2026-03-25 23:09:48.979588 (2924) main____ INFO    JasperGold version info
2026-03-25 23:09:48.979595 (2924) main____ INFO      tool      : JasperGold 2019.09
2026-03-25 23:09:48.979601 (2924) main____ INFO      version   : 2019.09p002 64 bits
2026-03-25 23:09:48.979606 (2924) main____ INFO      build date: 2019.11.26 18:17:27 PST
2026-03-25 23:09:48.979609 (2924) main____ INFO    ----------------------------------------
2026-03-25 23:09:48.979613 (2924) main____ INFO    Runtime info:
2026-03-25 23:09:48.979617 (2924) main____ INFO      platform  : Linux 2.6.32-754.35.1.el6.x86_64 x86_64
2026-03-25 23:09:48.979623 (2924) main____ INFO      hostname  : edatools-server2.iiitd.edu.in
2026-03-25 23:09:48.979626 (2924) main____ INFO      pid       : 2924
2026-03-25 23:09:48.979631 (2924) main____ INFO      arguments : '-style' 'windows' '-fpv' '-batch' '-tcl' 'run_pipeline_and_micro_architecture_2.tcl' '-proj' '/home/vaibhav22555/Desktop/SVA4RTL/jgproject_run_pipeline_and_micro_architecture_2'
2026-03-25 23:09:48.979635 (2924) main____ INFO    ----------------------------------------
2026-03-25 23:09:48.979638 (2924) main____ INFO    System resource limits info:
2026-03-25 23:09:48.979642 (2924) main____ INFO      virtual memory: unlimited
2026-03-25 23:09:48.979646 (2924) main____ INFO      cpu time      : unlimited
2026-03-25 23:09:48.979655 (2924) main____ INFO      stack size    : 10485760 B
2026-03-25 23:09:48.979661 (2924) main____ INFO      core file size: 0 B
2026-03-25 23:09:48.979668 (2924) main____ INFO      open files    : 1024
2026-03-25 23:09:48.979672 (2924) main____ INFO      file size     : unlimited
2026-03-25 23:09:48.979675 (2924) main____ INFO    ----------------------------------------
2026-03-25 23:09:48.979678 (2924) main____ INFO    Memory statistics:
2026-03-25 23:09:48.979682 (2924) main____ INFO      total physical memory  : 528955884 kB
2026-03-25 23:09:48.979686 (2924) main____ INFO      free physical memory   : 14267684 kB
2026-03-25 23:09:48.979689 (2924) main____ INFO      committed address space: 694894052 kB
2026-03-25 23:09:48.979692 (2924) main____ INFO    ----------------------------------------
2026-03-25 23:09:48.979712 (2924) main____ INFO    Important environment variables:
2026-03-25 23:09:48.979720 (2924) main____ INFO      CDS_LIC_FILE   : '5280@14.139.1.126'
2026-03-25 23:09:48.979725 (2924) main____ INFO      DISPLAY        : ':2100.0'
2026-03-25 23:09:48.979730 (2924) main____ INFO      EDITOR         : 'gedit'
2026-03-25 23:09:48.979734 (2924) main____ INFO      LM_LICENSE_FILE: '5280@14.139.1.126'
2026-03-25 23:09:48.979738 (2924) main____ INFO    ----------------------------------------
2026-03-25 23:09:48.980066 (2924) lic_core INFO    Initializing license system ...
2026-03-25 23:09:48.980449 (2924) lic_core INFO    ... license system initialized.
2026-03-25 23:09:48.981781 (2924) lic__man INFO    Claim 'fpv' for <ui>.
2026-03-25 23:09:48.981815 (2924) lic_core INFO    (1) checking out 'jasper_fpv' ...
2026-03-25 23:09:49.294580 (2924) lic_core INFO    ... (1) checkout failed (error: -5) ("FLEXnet ERROR(-5, 0, 0): No such feature exists.")
2026-03-25 23:09:49.294693 (2924) lic_core INFO    (2) checking out 'jasper_fao' ...
2026-03-25 23:09:49.662840 (2924) lic_core INFO    ... (2) checkout succeeded
2026-03-25 23:09:49.681353 (2924) session_ INFO    Starting analysis session with session id 'session_0' (launcher: <local>) ...
2026-03-25 23:09:49.682358 (2924) session_ INFO    Analysis session with session id 'session_0' started (pid: 2943)
2026-03-25 23:09:55.841388 (2924) session_ INFO    Analysis session 'session_0' connected to the console (host: 127.0.0.1:58220)
2026-03-25 23:09:56.259572 (2924) main____ INFO    About to exit: request to exit with status 1 received from analysis session 'session_0'
2026-03-25 23:09:56.683484 (2924) session_ INFO    Process for analysis session 'session_0' has exited with exit status '1'.
2026-03-25 23:09:56.683850 (2924) session_ INFO    Analysis session 'session_0' disconnected.
2026-03-25 23:09:56.684113 (2924) lic__man INFO    Unclaim everything for 'session_0'.
2026-03-25 23:09:58.311273 (2924) main____ INFO    Exiting with status 1.
