#----------------------------------------
# JasperGold Version Info
# tool      : JasperGold 2019.09
# platform  : Linux 2.6.32-754.35.1.el6.x86_64
# version   : 2019.09p002 64 bits
# build date: 2019.11.26 18:17:27 PST
#----------------------------------------
# started Wed Mar 25 23:05:18 IST 2026
# hostname  : edatools-server2.iiitd.edu.in
# pid       : 58422
# arguments : '-label' 'session_0' '-console' '//127.0.0.1:35556' '-nowindow' '-style' 'windows' '-exitonerror' '-data' 'AQAAADx/////AAAAAAAAA3oBAAAAEABMAE0AUgBFAE0ATwBWAEU=' '-proj' '/home/vaibhav22555/Desktop/SVA4RTL/jgproject_run_reset_behavior_0/sessionLogs/session_0' '-init' '-hidden' '/home/vaibhav22555/Desktop/SVA4RTL/jgproject_run_reset_behavior_0/.tmp/.initCmds.tcl' '/home/vaibhav22555/Desktop/SVA4RTL/input/run_reset_behavior_0.tcl' '-hidden' '/home/vaibhav22555/Desktop/SVA4RTL/jgproject_run_reset_behavior_0/.tmp/.postCmds.tcl'

Any disclosure about the Cadence Design Systems software or its use
model to any third party violates the written Non-Disclosure Agreement
between Cadence Design Systems, Inc. and the customer.

THIS SOFTWARE CONTAINS CONFIDENTIAL INFORMATION AND TRADE SECRETS OF
CADENCE DESIGN SYSTEMS, INC. USE, DISCLOSURE, OR REPRODUCTION IS
PROHIBITED WITHOUT THE PRIOR EXPRESS WRITTEN PERMISSION OF CADENCE
DESIGN SYSTEMS, INC.

Copyright (C) 2000-2019 Cadence Design Systems, Inc. All Rights
Reserved.  Unpublished -- rights reserved under the copyright laws of
the United States.

This product includes software developed by others and redistributed
according to license agreement. See doc/third_party_readme.txt for
further details.

RESTRICTED RIGHTS LEGEND

Use, duplication, or disclosure by the Government is subject to
restrictions as set forth in subparagraph (c) (1) (ii) of the Rights in
Technical Data and Computer Software clause at DFARS 252.227-7013 or
subparagraphs (c) (1) and (2) of Commercial Computer Software -- Restricted
Rights at 48 CFR 52.227-19, as applicable.


                          Cadence Design Systems, Inc. 
                          2655 Seely Avenue
                          San Jose, CA 95134
                          Phone: 408.943.1234

For technical assistance visit http://support.cadence.com.

JasperGold Apps Analysis Session - /home/vaibhav22555/Desktop/SVA4RTL/jgproject_run_reset_behavior_0/sessionLogs/session_0

/home/vaibhav22555/Desktop/SVA4RTL/jgproject_run_reset_behavior_0/jg.log
INFO: successfully checked out license "jasper_fao".
INFO: reading configuration file "/home/vaibhav22555/.config/jasper/jaspergold.conf".
% analyze -sv09 sep_pkg.sv
ERROR (ESW046): The file "sep_pkg.sv" does not exist.

ERROR: problem encountered at line 1 in file /home/vaibhav22555/Desktop/SVA4RTL/input/run_reset_behavior_0.tcl

INFO (IPL005): Received request to exit from the console.
INFO: Waiting for proof threads to stop...
INFO: Proof threads stopped.
