2026-03-25 23:09:08.207350 (73412) main____ INFO    ----------------------------------------
2026-03-25 23:09:08.207399 (73412) main____ INFO    JasperGold version info
2026-03-25 23:09:08.207406 (73412) main____ INFO      tool      : JasperGold 2019.09
2026-03-25 23:09:08.207413 (73412) main____ INFO      version   : 2019.09p002 64 bits
2026-03-25 23:09:08.207418 (73412) main____ INFO      build date: 2019.11.26 18:17:27 PST
2026-03-25 23:09:08.207422 (73412) main____ INFO    ----------------------------------------
2026-03-25 23:09:08.207425 (73412) main____ INFO    Runtime info:
2026-03-25 23:09:08.207430 (73412) main____ INFO      platform  : Linux 2.6.32-754.35.1.el6.x86_64 x86_64
2026-03-25 23:09:08.207436 (73412) main____ INFO      hostname  : edatools-server2.iiitd.edu.in
2026-03-25 23:09:08.207439 (73412) main____ INFO      pid       : 73412
2026-03-25 23:09:08.207444 (73412) main____ INFO      arguments : '-style' 'windows' '-fpv' '-batch' '-tcl' 'run_error_detection_and_reporting_2.tcl' '-proj' '/home/vaibhav22555/Desktop/SVA4RTL/jgproject_run_error_detection_and_reporting_2'
2026-03-25 23:09:08.207448 (73412) main____ INFO    ----------------------------------------
2026-03-25 23:09:08.207456 (73412) main____ INFO    System resource limits info:
2026-03-25 23:09:08.207459 (73412) main____ INFO      virtual memory: unlimited
2026-03-25 23:09:08.207463 (73412) main____ INFO      cpu time      : unlimited
2026-03-25 23:09:08.207473 (73412) main____ INFO      stack size    : 10485760 B
2026-03-25 23:09:08.207479 (73412) main____ INFO      core file size: 0 B
2026-03-25 23:09:08.207486 (73412) main____ INFO      open files    : 1024
2026-03-25 23:09:08.207490 (73412) main____ INFO      file size     : unlimited
2026-03-25 23:09:08.207493 (73412) main____ INFO    ----------------------------------------
2026-03-25 23:09:08.207497 (73412) main____ INFO    Memory statistics:
2026-03-25 23:09:08.207501 (73412) main____ INFO      total physical memory  : 528955884 kB
2026-03-25 23:09:08.207504 (73412) main____ INFO      free physical memory   : 14449812 kB
2026-03-25 23:09:08.207507 (73412) main____ INFO      committed address space: 694465812 kB
2026-03-25 23:09:08.207511 (73412) main____ INFO    ----------------------------------------
2026-03-25 23:09:08.207531 (73412) main____ INFO    Important environment variables:
2026-03-25 23:09:08.207539 (73412) main____ INFO      CDS_LIC_FILE   : '5280@14.139.1.126'
2026-03-25 23:09:08.207544 (73412) main____ INFO      DISPLAY        : ':2100.0'
2026-03-25 23:09:08.207549 (73412) main____ INFO      EDITOR         : 'gedit'
2026-03-25 23:09:08.207553 (73412) main____ INFO      LM_LICENSE_FILE: '5280@14.139.1.126'
2026-03-25 23:09:08.207557 (73412) main____ INFO    ----------------------------------------
2026-03-25 23:09:08.207915 (73412) lic_core INFO    Initializing license system ...
2026-03-25 23:09:08.208302 (73412) lic_core INFO    ... license system initialized.
2026-03-25 23:09:08.209437 (73412) lic__man INFO    Claim 'fpv' for <ui>.
2026-03-25 23:09:08.209472 (73412) lic_core INFO    (1) checking out 'jasper_fpv' ...
2026-03-25 23:09:08.522039 (73412) lic_core INFO    ... (1) checkout failed (error: -5) ("FLEXnet ERROR(-5, 0, 0): No such feature exists.")
2026-03-25 23:09:08.522140 (73412) lic_core INFO    (2) checking out 'jasper_fao' ...
2026-03-25 23:09:09.493189 (73412) lic_core INFO    ... (2) checkout succeeded
2026-03-25 23:09:09.511951 (73412) session_ INFO    Starting analysis session with session id 'session_0' (launcher: <local>) ...
2026-03-25 23:09:09.512902 (73412) session_ INFO    Analysis session with session id 'session_0' started (pid: 73435)
2026-03-25 23:09:24.891512 (73412) session_ INFO    Analysis session 'session_0' connected to the console (host: 127.0.0.1:56966)
2026-03-25 23:09:25.283739 (73412) main____ INFO    About to exit: request to exit with status 1 received from analysis session 'session_0'
2026-03-25 23:09:25.721324 (73412) session_ INFO    Process for analysis session 'session_0' has exited with exit status '1'.
2026-03-25 23:09:25.721710 (73412) session_ INFO    Analysis session 'session_0' disconnected.
2026-03-25 23:09:25.721969 (73412) lic__man INFO    Unclaim everything for 'session_0'.
2026-03-25 23:09:27.335135 (73412) main____ INFO    Exiting with status 1.
